{
  "RSpec": {
    "coverage": {
      "C:/Users/Wil/Documents/DotsAndBoxes-1/spec/testBox_spec.rb": [
        1,
        1,
        1,
        1,
        1,
        null,
        null,
        null
      ],
      "C:/Users/Wil/Documents/DotsAndBoxes-1/lib/Box.rb": [
        1,
        null,
        1,
        1,
        null,
        1,
        0,
        null,
        1,
        0,
        null,
        1,
        0,
        null,
        null
      ],
      "C:/Users/Wil/Documents/DotsAndBoxes-1/spec/testLine_spec.rb": [
        1,
        1,
        1,
        3,
        3,
        3,
        null,
        1,
        1,
        null,
        1,
        1,
        1,
        1,
        null,
        1,
        1,
        null,
        null,
        null
      ],
      "C:/Users/Wil/Documents/DotsAndBoxes-1/lib/Line.rb": [
        1,
        1,
        3,
        3,
        null,
        1,
        2,
        null,
        1,
        1,
        null,
        1,
        1,
        null,
        null,
        null
      ],
      "C:/Users/Wil/Documents/DotsAndBoxes-1/spec/testPlayer_spec.rb": [
        1,
        1,
        null,
        1,
        5,
        5,
        null,
        null,
        null,
        null,
        null,
        1,
        1,
        null,
        1,
        1,
        null,
        1,
        1,
        null,
        1,
        1,
        null,
        1,
        1,
        1,
        null,
        null,
        null,
        null
      ],
      "C:/Users/Wil/Documents/DotsAndBoxes-1/lib/Player.rb": [
        1,
        1,
        5,
        5,
        5,
        5,
        null,
        null,
        1,
        1,
        null,
        1,
        1,
        null,
        1,
        1,
        null,
        null,
        1,
        1,
        null,
        null,
        1,
        2,
        null,
        null,
        null
      ]
    },
    "timestamp": 1542512506
  }
}
