{
  "RSpec": {
    "coverage": {
      "C:/Users/Wil/Documents/DotsAndBoxes-1/spec/testPlayer_spec.rb": [
        1,
        1,
        null,
        1,
        5,
        5,
        null,
        null,
        null,
        null,
        null,
        1,
        1,
        null,
        1,
        1,
        null,
        1,
        1,
        null,
        1,
        1,
        null,
        1,
        1,
        1,
        null,
        null,
        null,
        null
      ],
      "C:/Users/Wil/Documents/DotsAndBoxes-1/lib/Player.rb": [
        1,
        1,
        5,
        5,
        5,
        5,
        null,
        null,
        1,
        1,
        null,
        1,
        1,
        null,
        1,
        1,
        null,
        null,
        1,
        1,
        null,
        null,
        1,
        2,
        null,
        null,
        null
      ]
    },
    "timestamp": 1542480826
  }
}
